<?xml version="1.0" encoding="UTF-8"?>
<!-- Generated by org.testng.reporters.JUnitReportReporter -->
<testsuite skipped="0" hostname="aubrey-PC" name="Absa_Web_UI_test.Task_Tow_TestSuite_one" tests="1" failures="0" timestamp="08 Aug 2020 13:25:26 GMT" time="28.812" errors="0">
  <testcase name="Way2Automation_one" time="28.812" classname="Absa_Web_UI_test.Task_Tow_TestSuite_one"/>
</testsuite> <!-- Absa_Web_UI_test.Task_Tow_TestSuite_one -->
