<?xml version="1.0" encoding="UTF-8"?>
<!-- Generated by org.testng.reporters.JUnitReportReporter -->
<testsuite skipped="0" hostname="aubrey-PC" name="Absa_Web_UI_test.Task_Tow_TestSuite_two" tests="1" failures="0" timestamp="08 Aug 2020 13:25:26 GMT" time="19.431" errors="0">
  <testcase name="Way2Automation_two" time="19.431" classname="Absa_Web_UI_test.Task_Tow_TestSuite_two"/>
</testsuite> <!-- Absa_Web_UI_test.Task_Tow_TestSuite_two -->
